<?xml version="1.0" encoding="UTF-8"?>
<!-- Generated by org.testng.reporters.JUnitReportReporter -->
<testsuite hostname="DESKTOP-165ABPJ" name="com.nana.testcases.TC_01" tests="1" failures="0" timestamp="26 Jun 2020 11:31:45 GMT" time="0.031" errors="0">
  <testcase name="executeTest" time="0.031" classname="com.nana.testcases.TC_01"/>
</testsuite> <!-- com.nana.testcases.TC_01 -->
