<?xml version="1.0" encoding="UTF-8"?>
<!-- Generated by org.testng.reporters.JUnitReportReporter -->
<testsuite hostname="DESKTOP-165ABPJ" name="com.nana.testcases.Trila" tests="1" failures="0" timestamp="26 Jun 2020 08:01:56 GMT" time="0.011" errors="0">
  <testcase name="test1" time="0.011" classname="com.nana.testcases.Trila"/>
</testsuite> <!-- com.nana.testcases.Trila -->
